# T-004 GREEN evidence: tests/review-contract-foundation.tests.sh run against the FIXED plugins/sdd-quality-loop/scripts/validate-review-context-set.sh
# Captured: 2026-07-19T17:25:15Z
# Post-fix script sha256: 3bfff0d211e695db8a5f8ec940294833e2c1dc965e0c20ad4f03c077718293ce
# Command: bash tests/review-contract-foundation.tests.sh

ok: review contract foundation validates canonical input and rejects unsafe inputs
PASS (T-004): TEST-022/baseline: no-shim lane is green (spec fixture)
PASS (T-004): TEST-022/baseline: no-shim lane is green (quality fixture)
PASS (T-004): TEST-022: manifest field .stage (jq -r) survives the CRLF shim
PASS (T-004): TEST-022: manifest field .role (jq -r) survives the CRLF shim
PASS (T-004): TEST-022: manifest field .feature (jq -r) survives the CRLF shim
PASS (T-004): TEST-022: manifest field .run_id (jq -r) survives the CRLF shim
PASS (T-004): TEST-022: manifest field .host_session_id (jq -r) survives the CRLF shim
PASS (T-004): TEST-022: manifest field .sequence (jq -r) survives the CRLF shim
PASS (T-004): TEST-022: manifest field .previous_record_sha256 (jq -r) survives the CRLF shim
PASS (T-004): TEST-022: manifest field .identity_ledger_sha256 (jq -r) survives the CRLF shim
PASS (T-004): TEST-022: conditional task_id read (line 187) survives the CRLF shim
PASS (T-004): TEST-023: ledger @tsv batch read (lines 250-258) survives the CRLF shim
PASS (T-004): TEST-024a: line 275 (.allowed_input_manifest[].path) survives the CRLF shim
PASS (T-004): TEST-024b: line 305 (.allowed_input_manifest[] | [.path,.sha256] | @tsv) survives the CRLF shim
PASS (T-004): TEST-026 (wrong sequence, no-shim lane) fails closed
PASS (T-004): TEST-026 (wrong sequence, __ALL__ shim lane) fails closed
PASS (T-004): TEST-026 (wrong previous hash, no-shim lane) fails closed
PASS (T-004): TEST-026 (wrong previous hash, __ALL__ shim lane) fails closed
PASS (T-004): TEST-026 (symlink traversal, no-shim lane) fails closed
PASS (T-004): TEST-026 (symlink traversal, __ALL__ shim lane) fails closed
PASS (T-004): TEST-026 (duplicate run/session id, no-shim lane) fails closed
PASS (T-004): TEST-026 (duplicate run/session id, __ALL__ shim lane) fails closed
ok: T-004 CRLF-jq-output coverage for validate-review-context-set.sh (issue #179)

EXIT_CODE=0
# bash 3.2 lane
ok: review contract foundation validates canonical input and rejects unsafe inputs
PASS (T-004): TEST-022/baseline: no-shim lane is green (spec fixture)
PASS (T-004): TEST-022/baseline: no-shim lane is green (quality fixture)
PASS (T-004): TEST-022: manifest field .stage (jq -r) survives the CRLF shim
PASS (T-004): TEST-022: manifest field .role (jq -r) survives the CRLF shim
PASS (T-004): TEST-022: manifest field .feature (jq -r) survives the CRLF shim
PASS (T-004): TEST-022: manifest field .run_id (jq -r) survives the CRLF shim
PASS (T-004): TEST-022: manifest field .host_session_id (jq -r) survives the CRLF shim
PASS (T-004): TEST-022: manifest field .sequence (jq -r) survives the CRLF shim
PASS (T-004): TEST-022: manifest field .previous_record_sha256 (jq -r) survives the CRLF shim
PASS (T-004): TEST-022: manifest field .identity_ledger_sha256 (jq -r) survives the CRLF shim
PASS (T-004): TEST-022: conditional task_id read (line 187) survives the CRLF shim
PASS (T-004): TEST-023: ledger @tsv batch read (lines 250-258) survives the CRLF shim
PASS (T-004): TEST-024a: line 275 (.allowed_input_manifest[].path) survives the CRLF shim
PASS (T-004): TEST-024b: line 305 (.allowed_input_manifest[] | [.path,.sha256] | @tsv) survives the CRLF shim
PASS (T-004): TEST-026 (wrong sequence, no-shim lane) fails closed
PASS (T-004): TEST-026 (wrong sequence, __ALL__ shim lane) fails closed
PASS (T-004): TEST-026 (wrong previous hash, no-shim lane) fails closed
PASS (T-004): TEST-026 (wrong previous hash, __ALL__ shim lane) fails closed
PASS (T-004): TEST-026 (symlink traversal, no-shim lane) fails closed
PASS (T-004): TEST-026 (symlink traversal, __ALL__ shim lane) fails closed
PASS (T-004): TEST-026 (duplicate run/session id, no-shim lane) fails closed
PASS (T-004): TEST-026 (duplicate run/session id, __ALL__ shim lane) fails closed
ok: T-004 CRLF-jq-output coverage for validate-review-context-set.sh (issue #179)
EXIT_CODE_BASH32=0
