




Describing domain-review-loop SKILL.md contract
 [+] exists as an internal, non-model-invocable skill 530ms
 [+] documents the sequential launch boundary requiring REVIEW_CONTEXT_OK 89ms
 [+] documents the AC-005 verdict aggregation table matching spec/impl/task-review-loop 33ms
 [+] documents the AC-014 drift-detection precondition distinct from the T-006 hook guard 32ms
 [+] documents the T-011 cross-model-verify extension point without implementing it 33ms
 [+] never instructs writing Domain-Model-Status: Approved 29ms
 [+] documents the reviewer sequence never sharing a context and using integrated-summary as the only bridge 34ms
Describing domain-reviewer-a.md contract (strategic checks)
 [+] exists with the correct frontmatter (read-only tools, no write access) 143ms
 [+] declares the six strategic check IDs in order 43ms
 [+] documents check CONTEXT-BOUNDARY-CLARITY with a severity 35ms
 [+] documents check RELATION-PATTERN-VALID with a severity 33ms
 [+] documents check EVENT-COVERAGE with a severity 31ms
 [+] documents check TERM-UNIQUENESS with a severity 32ms
 [+] documents check AGGREGATE-CONTEXT-OWNERSHIP with a severity 32ms
 [+] documents check DOMAIN-MODEL-STATUS-PRESENT with a severity 32ms
 [+] requires the launch boundary and calibration reference 46ms
 [+] declares the domain-reviewer-a/v1 output schema 48ms
Describing domain-reviewer-b.md contract (tactical checks)
 [+] exists with the correct frontmatter (read-only tools, no write access) 50ms
 [+] declares the six tactical check IDs in order 35ms
 [+] documents check INVARIANT-VERIFIABLE with a severity 31ms
 [+] documents check TRANSACTION-BOUNDARY-REALISTIC with a severity 30ms
 [+] documents check NO-GOD-AGGREGATE with a severity 30ms
 [+] documents check NO-ANEMIC-MODEL with a severity 28ms
 [+] documents check LIFECYCLE-DEFINED with a severity 29ms
 [+] documents check AGGREGATE-SIZE-PROPORTIONATE with a severity 29ms
 [+] never receives reviewer-a's raw report 32ms
 [+] declares the domain-reviewer-b/v1 output schema 31ms
Describing domain-review-calibration.md exists and scopes the gate
 [+] exists and defines severity calibration 50ms
 [+] excludes downstream conformance and cross-model verification from this gate's scope 34ms
Describing validate-review-context-set.sh/.ps1 authorize the domain stage
 [+] the bash validator's path_is_authorized recognizes domain:domain-reviewer-a/b 54ms
 [+] the bash validator's authorized invocation pairs include the domain stage 36ms
 [+] the PowerShell validator's Test-AuthorizedPath recognizes domain:domain-reviewer-a/b 39ms
 [+] the PowerShell validator's valid-pairs list includes the domain stage 35ms
 [+] both validators parse without syntax errors 118ms
Describing AC-005 verdict aggregation: Get-DomainReviewVerdict (real execution)
 [+] both reviewers clean PASS -> PASS with warningCount 0, any round 95ms
 [+] one Major FAIL, round 1 -> NEEDS_WORK 30ms
 [+] one Major FAIL, round 2 -> NEEDS_WORK 39ms
 [+] round-3 unresolved Major -> BLOCKED 30ms
 [+] round-3 unresolved Critical -> BLOCKED 42ms
 [+] round-3 Minor-only -> PASS with nonzero warningCount 33ms
 [+] Minor-only before round 3 -> NEEDS_WORK, not a premature PASS 47ms
 [+] Critical takes precedence over Major and Minor at any round 31ms
Describing AC-014 drift detection: Test-DomainDrift (real execution, real files, real hashes)
 [+] computes a stable normalized hash for context-map.md regardless of Domain-Model-Status value 426ms
 [+] records a fingerprint of the current tree and confirms zero drift when nothing changed 270ms
 [+] detects drift for real when a domain/ file changes after the fingerprint was recorded 222ms
 [+] does not report drift for a status-only edit (Approved reset to Pending) 267ms
 [+] detects an added aggregate card as drift 250ms
Describing domain-review-precheck.sh: real execution against a real fixture tree
 [+] fails closed with 'jq is required' once all structural preconditions pass (real bash execution) 787ms
 [+] rejects round 0 as not a positive integer (real bash execution) 234ms
 [+] rejects round 4 as out of the 1-3 range (real bash execution) 253ms
 [+] rejects a new attempt without --reset (real bash execution) 305ms
 [+] rejects round 2 without --edit-summary (real bash execution) 388ms
 [+] rejects a missing canonical domain/ artifact (real bash execution) 408ms
 [+] rejects an empty domain/aggregates/ directory (real bash execution) 332ms
 [+] rejects a malformed Domain-Model-Status value (real bash execution) 530ms
 [+] on an Approved model with no fingerprint yet, still fails closed at jq before writing a fingerprint (real bash execution) 543ms
Describing Worked fixtures (documented contract validation, per Done-When)
 [+] both-reviewers-PASS -> clean PASS (worked example) 61ms
 [+] one Major FAIL from reviewer B -> NEEDS_WORK (worked example) 44ms
 [+] round-3 unresolved Major -> BLOCKED (worked example) 36ms
 [+] round-3 Minor-only -> PASS with nonzero warningCount (worked example) 39ms
 [+] domain/ file changed since last-approved-state -> halts pending a status reset (worked example over real hashes) 114ms
 [+] no prior Approved state -> drift detection does not apply (first-ever review, worked example) 87ms
Tests completed in 7.92s
Passed: 62 Failed: 0 Skipped: 0 Pending: 0 Inconclusive: 0
