




Describing domain-interviewer SKILL.md contract
 [+] exists as an internal, non-model-invocable skill 516ms
 [+] documents all seven canonical checkpoint paths from AC-002 89ms
 [+] documents the domain-contract.json regeneration step after every stage 30ms
 [+] documents seed intake for text, local path, issue URL, and reverse candidate seed 31ms
 [+] documents resume-on-interruption stage detection order 29ms
 [+] documents create-only stage checkpointing 28ms
 [+] documents the plain-language seed-failure error contract (AC-004) 29ms
 [+] does not instruct reading the sdd-bootstrap c4-container template at runtime 31ms
Describing domain-interviewer templates exist
 [+] template domain-story.template.md exists 102ms
 [+] template event-storming.template.md exists 28ms
 [+] template ubiquitous-language.template.md exists 28ms
 [+] template context-map.template.md exists 28ms
 [+] template aggregate.template.md exists 27ms
 [+] template message-flow.template.md exists 28ms
 [+] template c4-container.template.md exists 27ms
Describing Worked fixture: eight-artifact domain/ tree (AC-002)
 [+] produces all seven canonical Markdown checkpoint paths from AC-002 136ms
 [+] produces the eighth artifact domain-contract.json 30ms
 [+] context-map.md carries Domain-Model-Status: Pending (AC-007 initial value) 31ms
 [+] domain-contract.json validates against contracts/domain-contract.v1.schema.json (AC-003) 74ms
 [+] the schema file itself is present and parses (sanity check on the T-001 dependency) 41ms
 [+] aggregate card name matches PascalCase pattern required by the schema 31ms
 [+] context name matches kebab-case pattern required by the schema 29ms
Describing Resume-on-interruption: worked scenario (stages 1-3 checkpointed)
 [+] SKILL.md documents the same stage-order detection algorithm this test simulates 123ms
 [+] detects stages 1-3 as already checkpointed and resumes at stage 4 (Done-When) 36ms
 [+] does not report a resume stage before 4 when 1-3 are present 45ms
 [+] restarting from stage 1 would be wrong for this fixture (regression guard) 31ms
 [+] stage 1-3 fixture content remains byte-identical after simulating the resume decision 37ms
 [+] a completed all-seven-stage tree reports no resume point (interview already complete) 60ms
Describing Error-path fixtures (AC-004): unreadable local seed and unreachable seed URL
 [+] an unreadable local seed path produces a plain-language error naming that path 61ms
 [+] an unreadable local seed path never invents seed content 31ms
 [+] an unreachable seed URL produces a plain-language error naming that URL 29ms
 [+] an unreachable seed URL never invents seed content 29ms
 [+] SKILL.md documents this exact never-invent-content error contract 31ms
Describing domain-interviewer templates are English (AC-013)
   Context Template: domain-story.template.md
    [+] exists 96ms
    [+] contains no non-ASCII literal characters 68ms
    [+] uses the {{placeholder}} convention for at least one field 31ms
    [+] declares which of the seven stages it belongs to 29ms
    [+] carries an Open Questions section 28ms
    [+] carries an Unknowns section that instructs never inventing an answer 30ms
   Context Template: event-storming.template.md
    [+] exists 54ms
    [+] contains no non-ASCII literal characters 31ms
    [+] uses the {{placeholder}} convention for at least one field 32ms
    [+] declares which of the seven stages it belongs to 28ms
    [+] carries an Open Questions section 27ms
    [+] carries an Unknowns section that instructs never inventing an answer 29ms
   Context Template: ubiquitous-language.template.md
    [+] exists 40ms
    [+] contains no non-ASCII literal characters 29ms
    [+] uses the {{placeholder}} convention for at least one field 28ms
    [+] declares which of the seven stages it belongs to 28ms
    [+] carries an Open Questions section 27ms
    [+] carries an Unknowns section that instructs never inventing an answer 31ms
   Context Template: context-map.template.md
    [+] exists 44ms
    [+] contains no non-ASCII literal characters 39ms
    [+] uses the {{placeholder}} convention for at least one field 30ms
    [+] declares which of the seven stages it belongs to 31ms
    [+] carries an Open Questions section 30ms
    [+] carries an Unknowns section that instructs never inventing an answer 33ms
   Context Template: aggregate.template.md
    [+] exists 44ms
    [+] contains no non-ASCII literal characters 30ms
    [+] uses the {{placeholder}} convention for at least one field 30ms
    [+] declares which of the seven stages it belongs to 29ms
    [+] carries an Open Questions section 21ms
    [+] carries an Unknowns section that instructs never inventing an answer 29ms
   Context Template: message-flow.template.md
    [+] exists 40ms
    [+] contains no non-ASCII literal characters 29ms
    [+] uses the {{placeholder}} convention for at least one field 29ms
    [+] declares which of the seven stages it belongs to 29ms
    [+] carries an Open Questions section 27ms
    [+] carries an Unknowns section that instructs never inventing an answer 29ms
   Context Template: c4-container.template.md
    [+] exists 40ms
    [+] contains no non-ASCII literal characters 29ms
    [+] uses the {{placeholder}} convention for at least one field 30ms
    [+] declares which of the seven stages it belongs to 29ms
    [+] carries an Open Questions section 28ms
    [+] carries an Unknowns section that instructs never inventing an answer 30ms
Describing ubiquitous-language.template.md structural requirements (AC-013)
 [+] carries a canonical-term column 49ms
 [+] carries a JA translation column 28ms
 [+] carries a forbidden-synonyms column 28ms
 [+] the Terms table header declares canonical, JA, and forbidden-synonyms columns together in one row 30ms
 [+] documents that the canonical column, not the JA column, is what domain-contract.json stores 32ms
Describing context-map.template.md carries the Domain-Model-Status field (AC-007)
 [+] declares Domain-Model-Status with an initial value of Pending 43ms
 [+] documents the full Pending|Reviewed|Approved value set 28ms
 [+] documents that only a human may set Approved 29ms
Describing aggregate.template.md covers the Data Plan axes (design.md)
 [+] covers root entity 43ms
 [+] covers invariants 27ms
 [+] covers transaction boundary 26ms
 [+] covers lifecycle 27ms
 [+] documents the PascalCase naming pattern and card path consistent with the schema 30ms
Describing c4-container.template.md is domain-interviewer's own adapted copy
 [+] exists under domain-interviewer's own templates directory, not sdd-bootstrap's 45ms
 [+] retains the generic C4Container mermaid structure it was adapted from 29ms
 [+] adds domain-interviewer-specific traceability back to the Context Map stage 29ms
Describing domain-contract.v1.schema.json
 [+] the schema file itself parses as valid JSON 53ms
 [+] declares the domain-contract/v1 schema const 32ms
 [+] declares the full contextRelation pattern enum 35ms
   Context valid fixture
    [+] passes schema validation with zero errors 41ms
   Context corrupt fixture: missing required field (meta)
    [+] is rejected for missing meta 52ms
   Context corrupt fixture: wrong schema const value
    [+] is rejected for schema = domain-contract/v2 46ms
   Context corrupt fixture: invalid pattern enum value
    [+] is rejected for an unrecognized contextRelation pattern 45ms
   Context corrupt fixture: missing required aggregate field
    [+] is rejected when an aggregate is missing invariants 51ms
Describing domain-reverse SKILL.md contract
 [+] exists as an internal, non-model-invocable skill 66ms
 [+] documents invoking investigate-codebase as the seed source 28ms
 [+] declares all five required candidate-seed sections 28ms
 [+] documents the load-bearing field names for each section 29ms
 [+] states domain-reverse never writes into domain/ 28ms
 [+] requires every candidate to carry INV-NNN evidence 28ms
Describing Fixture investigation.md -> worked-example candidate seed
 [+] fixture investigation.md exists and contains an INV-NNN Findings table 58ms
 [+] fixture contains at least one screen finding 32ms
 [+] fixture contains at least one api finding 28ms
 [+] fixture contains at least one business-rule finding 30ms
 [+] worked seed has all five required sections present 32ms
 [+] worked seed is non-empty: at least one candidate context (Done-When) 29ms
 [+] worked seed is non-empty: at least one candidate term (Done-When) 29ms
 [+] every candidate context name is kebab-case per domain-contract.v1 pattern 30ms
 [+] every candidate aggregate hint name is PascalCase per domain-contract.v1 pattern 30ms
 [+] every candidate carries at least one INV-NNN evidence reference 36ms
 [+] every evidence INV-NNN id traces back to a row that actually exists in the fixture 32ms
 [+] excludes non-domain categories (dependency, test-coverage) from the seed 30ms
Tests completed in 4.9s
Passed: 117 Failed: 0 Skipped: 0 Pending: 0 Inconclusive: 0
