




Describing domain-review-loop SKILL.md contract
 [+] exists as an internal, non-model-invocable skill 594ms
 [+] documents the sequential launch boundary requiring REVIEW_CONTEXT_OK 92ms
 [+] documents the AC-005 verdict aggregation table matching spec/impl/task-review-loop 33ms
 [+] documents the AC-014 drift-detection precondition distinct from the T-006 hook guard 33ms
 [+] documents the T-011 cross-model-verify extension point without implementing it 33ms
 [+] never instructs writing Domain-Model-Status: Approved 30ms
 [+] documents the reviewer sequence never sharing a context and using integrated-summary as the only bridge 34ms
Describing domain-reviewer-a.md contract (strategic checks)
 [+] exists with the correct frontmatter (read-only tools, no write access) 124ms
 [+] declares the six strategic check IDs in order 32ms
 [+] documents check CONTEXT-BOUNDARY-CLARITY with a severity 32ms
 [+] documents check RELATION-PATTERN-VALID with a severity 29ms
 [+] documents check EVENT-COVERAGE with a severity 28ms
 [+] documents check TERM-UNIQUENESS with a severity 29ms
 [+] documents check AGGREGATE-CONTEXT-OWNERSHIP with a severity 28ms
 [+] documents check DOMAIN-MODEL-STATUS-PRESENT with a severity 28ms
 [+] requires the launch boundary and calibration reference 31ms
 [+] declares the domain-reviewer-a/v1 output schema 47ms
Describing domain-reviewer-b.md contract (tactical checks)
 [+] exists with the correct frontmatter (read-only tools, no write access) 48ms
 [+] declares the six tactical check IDs in order 31ms
 [+] documents check INVARIANT-VERIFIABLE with a severity 31ms
 [+] documents check TRANSACTION-BOUNDARY-REALISTIC with a severity 30ms
 [+] documents check NO-GOD-AGGREGATE with a severity 28ms
 [+] documents check NO-ANEMIC-MODEL with a severity 30ms
 [+] documents check LIFECYCLE-DEFINED with a severity 29ms
 [+] documents check AGGREGATE-SIZE-PROPORTIONATE with a severity 30ms
 [+] never receives reviewer-a's raw report 31ms
 [+] declares the domain-reviewer-b/v1 output schema 29ms
Describing domain-review-calibration.md exists and scopes the gate
 [+] exists and defines severity calibration 52ms
 [+] excludes downstream conformance and cross-model verification from this gate's scope 35ms
Describing validate-review-context-set.sh/.ps1 authorize the domain stage
 [+] the bash validator's path_is_authorized recognizes domain:domain-reviewer-a/b 52ms
 [+] the bash validator's authorized invocation pairs include the domain stage 36ms
 [+] the PowerShell validator's Test-AuthorizedPath recognizes domain:domain-reviewer-a/b 40ms
 [+] the PowerShell validator's valid-pairs list includes the domain stage 34ms
 [+] both validators parse without syntax errors 112ms
Describing AC-005 verdict aggregation: Get-DomainReviewVerdict (real execution)
 [+] both reviewers clean PASS -> PASS with warningCount 0, any round 66ms
 [+] one Major FAIL, round 1 -> NEEDS_WORK 31ms
 [+] one Major FAIL, round 2 -> NEEDS_WORK 29ms
 [+] round-3 unresolved Major -> BLOCKED 47ms
 [+] round-3 unresolved Critical -> BLOCKED 53ms
 [+] round-3 Minor-only -> PASS with nonzero warningCount 73ms
 [+] Minor-only before round 3 -> NEEDS_WORK, not a premature PASS 186ms
 [+] Critical takes precedence over Major and Minor at any round 62ms
Describing AC-014 drift detection: Test-DomainDrift (real execution, real files, real hashes)
 [+] computes a stable normalized hash for context-map.md regardless of Domain-Model-Status value 392ms
 [+] records a fingerprint of the current tree and confirms zero drift when nothing changed 247ms
 [+] detects drift for real when a domain/ file changes after the fingerprint was recorded 153ms
 [+] does not report drift for a status-only edit (Approved reset to Pending) 113ms
 [+] detects an added aggregate card as drift 113ms
Describing domain-review-precheck.sh: real execution against a real fixture tree
 [+] fails closed with 'jq is required' once all structural preconditions pass (real bash execution) 745ms
 [+] rejects round 0 as not a positive integer (real bash execution) 166ms
 [+] rejects round 4 as out of the 1-3 range (real bash execution) 148ms
 [+] rejects a new attempt without --reset (real bash execution) 143ms
 [+] rejects round 2 without --edit-summary (real bash execution) 144ms
 [+] rejects a missing canonical domain/ artifact (real bash execution) 323ms
 [+] rejects an empty domain/aggregates/ directory (real bash execution) 426ms
 [+] rejects a malformed Domain-Model-Status value (real bash execution) 603ms
 [+] on an Approved model with no fingerprint yet, still fails closed at jq before writing a fingerprint (real bash execution) 672ms
Describing Worked fixtures (documented contract validation, per Done-When)
 [+] both-reviewers-PASS -> clean PASS (worked example) 62ms
 [+] one Major FAIL from reviewer B -> NEEDS_WORK (worked example) 38ms
 [+] round-3 unresolved Major -> BLOCKED (worked example) 35ms
 [-] round-3 Minor-only -> PASS with nonzero warningCount (worked example) 81ms
   Expected: {999}
   But was:  {2}
   660:         $result.WarningCount | Should Be 999
   Should<End>üAC:\Program Files\WindowsPowerShell\Modules\Pester\3.4.0\Functions\Assertions\Should.ps1: Źs 92
   <ScriptBlock>üAC:\dev\sdd-forge\tests\sdd-domain\domain-review-loop.Tests.ps1: Źs 660
   Invoke-TestüAC:\Program Files\WindowsPowerShell\Modules\Pester\3.4.0\Functions\It.ps1: Źs 253
   ItImplüAC:\Program Files\WindowsPowerShell\Modules\Pester\3.4.0\Functions\It.ps1: Źs 203
   ItüAC:\Program Files\WindowsPowerShell\Modules\Pester\3.4.0\Functions\It.ps1: Źs 117
   <ScriptBlock>üAC:\dev\sdd-forge\tests\sdd-domain\domain-review-loop.Tests.ps1: Źs 651
   DescribeüAC:\Program Files\WindowsPowerShell\Modules\Pester\3.4.0\Functions\Describe.ps1: Źs 100
   <ScriptBlock>üAC:\dev\sdd-forge\tests\sdd-domain\domain-review-loop.Tests.ps1: Źs 593
   <ScriptBlock>üAC:\Program Files\WindowsPowerShell\Modules\Pester\3.4.0\Pester.psm1: Źs 297
   Invoke-PesterüAC:\Program Files\WindowsPowerShell\Modules\Pester\3.4.0\Pester.psm1: Źs 310
   <ScriptBlock>üA<ātā@āCāŗé╚éĄ>: Źs 1
 [+] domain/ file changed since last-approved-state -> halts pending a status reset (worked example over real hashes) 177ms
 [+] no prior Approved state -> drift detection does not apply (first-ever review, worked example) 83ms
Tests completed in 7.38s
Passed: 61 Failed: 1 Skipped: 0 Pending: 0 Inconclusive: 0
