+ epic-159-pillar-b regression set (shared across T-001/T-002, incl. cross-suite regression)
== start: 2026-07-16T13:35:09Z ==

###### bash tests/loop-consistency.tests.sh ######
=== TEST-008: drive spec/impl/task/domain rounds 1->3 ===
ok: TEST-008.1: loop_fixture_init (spec leg fixture) succeeds
ok: TEST-008.2: spec leg drives rounds 1->3 (NEEDS_WORK, NEEDS_WORK, PASS/Minor-only) green
ok: TEST-008.3: spec leg observed end state PASS matches the loop-inventory terminal
ok: TEST-008.4: loop_fixture_init (impl leg fixture) succeeds
ok: TEST-008.5: impl leg drives (genuine spec PASS prereq, then) rounds 1->3 green
ok: TEST-008.6: impl leg observed end state PASS matches the loop-inventory terminal
ok: TEST-008.7: impl round-2 reviewer-a manifest carries round-1's integrated-summary.json (INV-012/2d8c6a5 fix in effect)
ok: TEST-008.8: loop_fixture_init (task leg fixture) succeeds
WARNING: task-review-precheck: plugins/sdd-quality-loop/scripts/check-risk.sh not found or not executable; skipping risk check.
WARNING: task-review-precheck: plugins/sdd-quality-loop/scripts/check-risk.sh not found or not executable; skipping risk check.
WARNING: task-review-precheck: plugins/sdd-quality-loop/scripts/check-risk.sh not found or not executable; skipping risk check.
ok: TEST-008.9: task leg drives (genuine spec+impl PASS prereqs, then) rounds 1->3 green
ok: TEST-008.10: task leg observed end state PASS matches the loop-inventory terminal
ok: TEST-008.11: loop_fixture_init (domain leg fixture) succeeds
ok: TEST-008.12: domain leg drives rounds 1->3 (NEEDS_WORK, NEEDS_WORK, cap-reached BLOCKED) green
ok: TEST-008.13: domain leg observed end state BLOCKED matches the loop-inventory terminal (round-cap behavior; no Minor-only PASS exception)
NOTE: TEST-008.14: domain-review-precheck.ps1 now exists upstream -- tests/loop-consistency.tests.ps1's named SKIP self-heals; no action needed here.
=== TEST-008 brownfield-profile leg: canonical seed drives spec-review round 1 (AC-007, AC-010) ===
ok: TEST-008.15 (AC-007): loop_fixture_init brownfield succeeds with LOOP_FIXTURE_SEED pointed at the canonical seed
ok: TEST-008.16 (AC-007): the canonical seed content is present verbatim under $LOOP_FIXTURE_ROOT
ok: TEST-008.17 (AC-010): brownfield-profile leg drives spec-review round 1 (PASS/Minor) green
ok: TEST-008.18 (AC-010): brownfield-profile leg observed end state PASS matches the same inventory terminal the greenfield leg (TEST-008.3) already asserts
=== TEST-009: impl-review round-2 leg green at HEAD (RED differential regression lock) ===
ok: TEST-009.1: impl-review round-2 leg is green at HEAD (2d8c6a5/INV-012 fix in effect; see TEST-008.5/.7 above)
ok: TEST-009.2: the one-time RED differential evidence against 2d8c6a5^ is recorded at specs/epic-159-pillar-a/verification/T-003/red-differential.log
=== TEST-010: bidirectional invariant (downstream-required inputs are upstream-authorized) ===
ok: TEST-010.0: loop_fixture_init (bidirectional-invariant fixture) succeeds
ok: TEST-010.1: spec-review reviewer-a manifest satisfies the bidirectional invariant
ok: TEST-010.2: impl-review round-2 reviewer-a manifest (carrying round-1's integrated-summary.json) satisfies the bidirectional invariant
ok: TEST-010.3: task-review reviewer-a manifest satisfies the bidirectional invariant
ok: TEST-010.4: domain-review reviewer-a manifest satisfies the bidirectional invariant
REVIEW_CONTEXT_PATH: domain-reviewer-a contains a real but role-unlisted path: specs/loop-consistency-inv-11499/requirements.md
ok: TEST-010.5 (negative self-check): a synthetic required-but-unauthorized manifest entry (specs/.../requirements.md for a domain reviewer) turns assert_bidirectional_invariant red
=== TEST-017: runtime budget (LOOP_SUITE_BUDGET_SECONDS=300) ===
ok: TEST-017.1 (negative self-check): forcing the runtime budget to 0 turns the assertion red
ok: TEST-017.2: suite completed within the 300s runtime budget

loop-consistency.tests.sh: 27 passed, 0 failed, 12s elapsed
---- exit: 0 ----

###### bash tests/loop-inventory.tests.sh ######
=== TEST-001: inventory schema + registration forcing ===
ok: TEST-001.0: loop-inventory.json exists at /Users/jrmag/Projects/active/sdd-forge/tests/loops/loop-inventory.json
ok: TEST-001.1: schema field is loop-inventory/v1
ok: TEST-001.2: inventory carries exactly eight loop entries
ok: TEST-001.3: plugins/sdd-domain/scripts/domain-review-precheck.sh is registered in some entry's driver_scripts
ok: TEST-001.3: plugins/sdd-review-loop/scripts/impl-review-precheck.sh is registered in some entry's driver_scripts
ok: TEST-001.3: plugins/sdd-review-loop/scripts/spec-review-precheck.sh is registered in some entry's driver_scripts
ok: TEST-001.3: plugins/sdd-review-loop/scripts/task-review-precheck.sh is registered in some entry's driver_scripts
ok: TEST-001.4: stage:role pair spec:spec-reviewer-a maps to inventory entry spec-review
ok: TEST-001.4: stage:role pair spec:spec-reviewer-b maps to inventory entry spec-review
ok: TEST-001.4: stage:role pair impl:impl-reviewer-a maps to inventory entry impl-review
ok: TEST-001.4: stage:role pair impl:impl-reviewer-b maps to inventory entry impl-review
ok: TEST-001.4: stage:role pair task:task-reviewer-a maps to inventory entry task-review
ok: TEST-001.4: stage:role pair task:task-reviewer-b maps to inventory entry task-review
ok: TEST-001.4: stage:role pair quality:sdd-evaluator maps to inventory entry quality-gate
ok: TEST-001.4: stage:role pair domain:domain-reviewer-a maps to inventory entry domain-review
ok: TEST-001.4: stage:role pair domain:domain-reviewer-b maps to inventory entry domain-review
ok: TEST-001.5: cross_gates path exists: plugins/sdd-quality-loop/scripts/validate-review-context-set.sh
ok: TEST-001.5: cross_gates path exists: plugins/sdd-quality-loop/scripts/validate-review-context-set.sh
ok: TEST-001.5: cross_gates path exists: plugins/sdd-quality-loop/scripts/validate-review-context-set.sh
ok: TEST-001.5: cross_gates path exists: plugins/sdd-quality-loop/scripts/validate-review-context-set.sh
ok: TEST-001.5: cross_gates path exists: plugins/sdd-quality-loop/scripts/validate-review-context-set.sh
ok: TEST-001.5: cross_gates path exists: plugins/sdd-quality-loop/scripts/check-task-state.sh
ok: TEST-001.5: cross_gates path exists: plugins/sdd-quality-loop/scripts/check-evidence-bundle.sh
ok: TEST-001.5: cross_gates path exists: plugins/sdd-implementation/scripts/select-agent-model.sh
ok: TEST-001.6 (negative self-check): removing a registered entry turns registration validation red
=== TEST-002: numeric cap-drift lock (cap_source:script + cap_kind:numeric) ===
ok: TEST-002.1: spec-review cap value greps to its driver source's limit
ok: TEST-002.1: domain-review cap value greps to its driver source's limit
ok: TEST-002.1: quality-gate cap value greps to its driver source's limit
ok: TEST-002.2: terminal-tier is cap_kind:state and excluded from the numeric grep
ok: TEST-002.3: exactly one cap_kind:state entry exists in the inventory
ok: TEST-002.4 (negative self-check): a mutated cap value turns the drift lock red
=== TEST-003: skill-instruction exemption + fixture_profiles vocabulary lock ===
ok: TEST-003.1: impl-review carries no cap_kind field (skill-instruction is exempt from the numeric grep)
ok: TEST-003.1: task-review carries no cap_kind field (skill-instruction is exempt from the numeric grep)
ok: TEST-003.1: wfi-audit carries no cap_kind field (skill-instruction is exempt from the numeric grep)
ok: TEST-003.1: hitl-diagnosis carries no cap_kind field (skill-instruction is exempt from the numeric grep)
ok: TEST-003.2: wfi-audit carries cap_source:skill-instruction and driver_scripts: []
ok: TEST-003.2: hitl-diagnosis carries cap_source:skill-instruction and driver_scripts: []
ok: TEST-003.3: every fixture_profiles value is greenfield or brownfield
ok: TEST-003.4: every entry declares a non-empty fixture_profiles list
=== TEST-004: registration forcing (run-all.sh / run-all.ps1 / test.yml) ===
ok: TEST-004.1: loop-inventory.tests.sh is registered in run-all.sh and test.yml
ok: TEST-004.2: loop-inventory.tests.ps1 is registered in run-all.ps1 and test.yml
ok: TEST-004.1: loop-driver.tests.sh is registered in run-all.sh and test.yml
ok: TEST-004.2: loop-driver.tests.ps1 is registered in run-all.ps1 and test.yml
ok: TEST-004.1: loop-consistency.tests.sh is registered in run-all.sh and test.yml
ok: TEST-004.2: loop-consistency.tests.ps1 is registered in run-all.ps1 and test.yml
ok: TEST-004.1: loop-escalation.tests.sh is registered in run-all.sh and test.yml
ok: TEST-004.2: loop-escalation.tests.ps1 is registered in run-all.ps1 and test.yml
=== TEST-017: runtime budget (LOOP_SUITE_BUDGET_SECONDS=300) ===
ok: TEST-017.1 (negative self-check): forcing the runtime budget to 0 turns the assertion red
ok: TEST-017.2: suite completed within the 300s runtime budget

loop-inventory.tests.sh: 49 passed, 0 failed, 0s elapsed
---- exit: 0 ----

###### bash tests/crlf-parity.tests.sh ######
=== CRLF-1: check-risk with CRLF tasks.md ===
ok: CRLF-1.1: high task with CRLF endings passes check-risk (exit 0)
ok: CRLF-1.2: fixture file confirmed to contain CR bytes (not already stripped)
=== CRLF-2: check-risk with LF tasks.md (control) ===
ok: CRLF-2.1: high task with LF endings passes check-risk (control)
=== CRLF-3: check-risk critical+CRLF ===
ok: CRLF-3.1: critical task with CRLF endings passes check-risk
=== CRLF-4: check-risk CRLF bad-value still fails ===
ok: CRLF-4.1: CRLF file with invalid Risk value still fails correctly (gate not neutered)
=== CRLF-5: check-task-state with CRLF tasks.md ===
ok: CRLF-5.1: Approved In-Progress task with CRLF endings passes check-task-state
=== CRLF-6: check-task-state with LF tasks.md (control) ===
ok: CRLF-6.1: LF tasks.md passes check-task-state (control)
=== CRLF-7: check-task-state CRLF Draft+InProgress still fails ===
ok: CRLF-7.1: CRLF Draft+InProgress still fails check-task-state (gate not neutered)

Results: 8 passed, 0 failed.
---- exit: 0 ----

###### bash tests/constant-parity.tests.sh ######
ok: BASELINE_IDS: sh and ps1 are identical (       6 entries)
ok: RISK_TIERS tier:id pairs: sh and ps1 are identical (      31 pairs)

constant-parity.tests.sh: 2 passed, 0 failed
---- exit: 0 ----

###### cross-suite regression: T-001's bump-version-gate suite <-> T-002's release-loop-gate suite ######

###### bash tests/bump-version-gate.tests.sh (cross-regression for T-002) ######
=== TEST-001 (AC-001): green path (both loop suites stubbed passing) ===
SKIP: TEST-001 (AC-001) mutation-success assertions -- this host's sed is BSD-style; scripts/bump-version.sh's unedited mutation section (scripts/bump-version.sh:51-70) requires GNU sed. Pre-existing portability gap, out of scope for T-001 (REQ-001 loop-gate logic itself is proven by TEST-002..006, none of which reach the mutation section on this host).
=== TEST-002 (AC-002): red path A (loop-consistency.tests.sh stubbed failing) ===
ok: TEST-002 (AC-002): bump-version.sh exits non-zero when loop-consistency.tests.sh is stubbed failing
ok: TEST-002 (AC-002): git status --porcelain is empty after the run (zero release-surface mutation)
=== TEST-003 (AC-003): red path B (loop-inventory.tests.sh stubbed failing, independent leg) ===
ok: TEST-003 (AC-003): bump-version.sh exits non-zero when loop-inventory.tests.sh is stubbed failing (loop-consistency.tests.sh, run for real, passed first)
ok: TEST-003 (AC-003): git status --porcelain is empty after the run (zero release-surface mutation)
=== TEST-004 (AC-004): no-bypass self-check (real scripts/bump-version.sh) ===
ok: TEST-004 (AC-004): the loop-gate 'for' statement is unindented (top-level, not nested inside a conditional)
ok: TEST-004 (AC-004): no bypass-suggestive token (SKIP/BYPASS/OVERRIDE) inside the loop-gate block's code
ok: TEST-004 (AC-004): no statement (conditional or otherwise) precedes the loop-gate 'for' entry
=== TEST-005 (AC-005): loop-gate precedes the first mutation step (real scripts/bump-version.sh) ===
ok: TEST-005 (AC-005): loop-gate invocation (line 46) precedes the first mutation step (line 71)
=== TEST-006 (AC-006): CI-resilience + self-registration ===
ok: TEST-006 (AC-006, CI-resilience): fixture-root normalization uses pwd -P
ok: TEST-006 (AC-006, CI-resilience): this suite consumes no JSON-query-tool output (non-use declaration)
ok: TEST-006 (AC-006, CI-resilience): this suite drives no real validator (non-use declaration)
ok: TEST-006 (AC-006, CI-resilience): no unguarded bash array expansion found (set -u empty-array safety)
ok: TEST-006 (AC-006): bump-version-gate.tests.sh is registered in tests/run-all.sh and .github/workflows/test.yml
---- summary: pass=13 fail=0 ----
ok: bump-version-gate suite passed (13 checks)
---- exit: 0 ----

###### pwsh -NoProfile -ExecutionPolicy Bypass -File tests/bump-version-gate.tests.ps1 (cross-regression for T-002) ######
=== TEST-001 (AC-001): green path (both loop suites stubbed passing) ===
SKIP: TEST-001 (AC-001) mutation-success assertions -- this host's sed is BSD-style; scripts/bump-version.sh's unedited mutation section (scripts/bump-version.sh:51-70) requires GNU sed. Pre-existing portability gap, out of scope for T-001 (REQ-001 loop-gate logic itself is proven by TEST-002..006, none of which reach the mutation section on this host).
=== TEST-002 (AC-002): red path A (loop-consistency.tests.sh stubbed failing) ===
ok: TEST-002 (AC-002): bump-version.sh exits non-zero when loop-consistency.tests.sh is stubbed failing
ok: TEST-002 (AC-002): git status --porcelain is empty after the run (zero release-surface mutation)
=== TEST-003 (AC-003): red path B (loop-inventory.tests.sh stubbed failing, independent leg) ===
ok: TEST-003 (AC-003): bump-version.sh exits non-zero when loop-inventory.tests.sh is stubbed failing (loop-consistency.tests.sh, run for real, passed first)
ok: TEST-003 (AC-003): git status --porcelain is empty after the run (zero release-surface mutation)
=== TEST-004 (AC-004): no-bypass self-check (real scripts/bump-version.sh) ===
ok: TEST-004 (AC-004): the loop-gate 'for' statement is unindented (top-level, not nested inside a conditional)
ok: TEST-004 (AC-004): no bypass-suggestive token (SKIP/BYPASS/OVERRIDE) inside the loop-gate block's code
ok: TEST-004 (AC-004): no statement (conditional or otherwise) precedes the loop-gate 'for' entry
=== TEST-005 (AC-005): loop-gate precedes the first mutation step (real scripts/bump-version.sh) ===
ok: TEST-005 (AC-005): loop-gate invocation (line 46) precedes the first mutation step (line 71)
=== TEST-006 (AC-006): CI-resilience + self-registration ===
ok: TEST-006 (AC-006, CI-resilience): fixture-root normalization uses Resolve-Path (pwd -P equivalent)
ok: TEST-006 (AC-006, CI-resilience): this suite consumes no JSON-query-tool output (non-use declaration)
ok: TEST-006 (AC-006, CI-resilience): this suite drives no real validator (non-use declaration)
ok: TEST-006 (AC-006): bump-version-gate.tests.ps1 is registered in tests/run-all.ps1 and .github/workflows/test.yml

bump-version-gate.tests.ps1: 12 passed, 0 failed
---- exit: 0 ----

###### bash tests/release-loop-gate.tests.sh (cross-regression for T-001) ######
=== TEST-007 (AC-007): loop-gate job slice contains both suite invocations ===
ok: TEST-007 (AC-007): a loop-gate: job slice was found in release.yml
ok: TEST-007 (AC-007): loop-gate job slice invokes tests/loop-consistency.tests.sh
ok: TEST-007 (AC-007): loop-gate job slice invokes tests/loop-inventory.tests.sh
=== TEST-008 (AC-008): release job needs: loop-gate + no escape hatch ===
ok: TEST-008 (AC-008): release job slice carries a needs: loop-gate entry
ok: TEST-008 (AC-008): loop-gate job slice carries no continue-on-error:true / if:always() / if:success()||failure() escape hatch
ok: TEST-008 (AC-008): release job slice carries no continue-on-error:true / if:always() / if:success()||failure() escape hatch
=== TEST-009 (AC-009): negative-branch canary (needs: stripped) ===
ok: TEST-009 (AC-009): the needs:-stripped fixture copy is reported non-compliant (release_has_needs=False), proving TEST-008's assertion is not vacuously true
=== TEST-010 (AC-010): ubuntu-latest only + self-registration ===
ok: TEST-010 (AC-010): loop-gate job slice declares runs-on: ubuntu-latest
ok: TEST-010 (AC-010): loop-gate job slice carries no strategy:/matrix: key (single-OS, matching release.yml's existing scope)
ok: TEST-010 (AC-010): release-loop-gate.tests.sh is registered in tests/run-all.sh and .github/workflows/test.yml
---- summary: pass=10 fail=0 ----
ok: release-loop-gate suite passed (10 checks)
---- exit: 0 ----

###### pwsh -NoProfile -ExecutionPolicy Bypass -File tests/release-loop-gate.tests.ps1 (cross-regression for T-001) ######
=== TEST-007 (AC-007): loop-gate job slice contains both suite invocations ===
ok: TEST-007 (AC-007): a loop-gate: job slice was found in release.yml
ok: TEST-007 (AC-007): loop-gate job slice invokes tests/loop-consistency.tests.sh
ok: TEST-007 (AC-007): loop-gate job slice invokes tests/loop-inventory.tests.sh
=== TEST-008 (AC-008): release job needs: loop-gate + no escape hatch ===
ok: TEST-008 (AC-008): release job slice carries a needs: loop-gate entry
ok: TEST-008 (AC-008): loop-gate job slice carries no continue-on-error:true / if:always() / if:success()||failure() escape hatch
ok: TEST-008 (AC-008): release job slice carries no continue-on-error:true / if:always() / if:success()||failure() escape hatch
=== TEST-009 (AC-009): negative-branch canary (needs: stripped) ===
ok: TEST-009 (AC-009): the needs:-stripped fixture copy is reported non-compliant, proving TEST-008's assertion is not vacuously true
=== TEST-010 (AC-010): ubuntu-latest only + self-registration ===
ok: TEST-010 (AC-010): loop-gate job slice declares runs-on: ubuntu-latest
ok: TEST-010 (AC-010): loop-gate job slice carries no strategy:/matrix: key (single-OS, matching release.yml's existing scope)
ok: TEST-010 (AC-010): release-loop-gate.tests.ps1 is registered in tests/run-all.ps1 and .github/workflows/test.yml

release-loop-gate.tests.ps1: 10 passed, 0 failed
---- exit: 0 ----

###### bash tests/validate-repository.sh ######
workflow-state: ok
Repository validation passed.
---- exit: 0 ----

NOTE: tests/gates.tests.sh NOT run in this regression set -- pre-existing
local evidence-key failure documented in prior epic-159 waves' T-001/T-002
implementation reports; out of scope for this deterministic-phase gate,
recorded only.

TOTAL_FAILED_SUITES: 0
== end: 2026-07-16T13:37:23Z ==
EXIT_CODE: 0
