=== RED (a): pwsh tests/loop-driver.tests.ps1 BEFORE landing spec-review-precheck.ps1 ===
=== TEST-005: loop_fixture_init (greenfield + brownfield) ===
ok: TEST-005.1: loop_fixture_init greenfield succeeds
ok: TEST-005.2: greenfield fixture root (/var/folders/7z/hjmz6jdj4wb40srf64sl368w0000gn/T/loop-fixture.f4241a9be8db454aad37370e5e00fd7f) lies outside the repository working tree
ok: TEST-005.3: greenfield genesis identity-ledger has exactly one well-formed record
ok: TEST-005.4: genesis record hash matches the canonical INV-006 formula (validate-review-context-set.ps1)
ok: TEST-005.5: loop_fixture_init writes no real repository path for the fixture feature
ok: TEST-005.6: loop_fixture_init brownfield succeeds
ok: TEST-005.7: brownfield fixture copies the caller-supplied seed content
ok: TEST-005.8: brownfield fixture also synthesizes the genesis identity-ledger
ok: TEST-005.9 (negative self-check): an unknown fixture profile fails loop_fixture_init
=== TEST-006: drive_review_round (spec-review rounds 1->3) ===
SKIP: TEST-006 spec-review-precheck.ps1 does not exist upstream at T-002 time (only the .sh form exists; verified finding, see this task's implementation report). This is a recorded degradation, not a loop-driver defect: Initialize-LoopFixture, Test-ArtifactsSchema, Test-LoopTerminal, and Test-RuntimeBudget are still exercised below (TEST-005/007/017).
=== TEST-007: assert_artifacts_schema / assert_terminal ===
ok: TEST-007.1: assert_artifacts_schema passes on genuine, inventory-registered artifact schemas
ok: TEST-007.2 (negative self-check): a jq-mutated artifact schema turns assert_artifacts_schema red
ok: TEST-007.3: assert_terminal confirms spec-review's genuine PASS state matches the inventory
ok: TEST-007.4 (negative self-check): an end state contradicting the inventory (BLOCKED vs PASS) turns assert_terminal red
=== TEST-017: runtime budget (LOOP_SUITE_BUDGET_SECONDS=300) ===
ok: TEST-017.1 (negative self-check): forcing the runtime budget to 0 turns the assertion red
ok: TEST-017.2: suite completed within the 300s runtime budget

loop-driver.tests.ps1: 15 passed, 0 failed, 1s elapsed

SKIP count: 1

=== RED (a): pwsh tests/loop-consistency.tests.ps1 BEFORE landing spec-review-precheck.ps1 ===
=== TEST-008: drive spec/impl/task/domain rounds 1->3 ===
SKIP: TEST-008 spec/impl/task legs: spec-review-precheck.ps1 not found at /Users/jrmag/Projects/active/sdd-forge/plugins/sdd-review-loop/scripts/spec-review-precheck.ps1 (same gap as tests/loop-driver.tests.ps1 TEST-006; impl/task both require a genuine on-disk spec-review PASS first, so they degrade transitively even though impl-review-precheck.ps1 and task-review-precheck.ps1 themselves exist)
ok: TEST-008.11: loop_fixture_init (domain leg fixture) succeeds
REVIEW_CONTEXT_OK f3a662b1ebfaaa9d96d8eeb21cab36bfdc06c59becb214dd3a9cd64725f2dfb3
REVIEW_CONTEXT_OK 764b2099f1fdbd6e41ecf708d943f2dd2e33c1a24149b13307c065a6acc562d5
REVIEW_CONTEXT_OK ebab1fdfb411edb00391d350d148c21f3c92d4e7b56dc9483a65d457af8cdbce
REVIEW_CONTEXT_OK 60fc080ad6c184749e2bad663d22ee04cbb2dc4bb836a0b47e15c5de759f4ad6
REVIEW_CONTEXT_OK f2dddf314c9674cb8419d5246f4281a84b88c646340313dab9e5af7739147585
REVIEW_CONTEXT_OK 876a5e17d31ffeae08bda32a8c655bb1cb1115718fb8ef3decb71c009e623e64
ok: TEST-008.12: domain leg drives rounds 1->3 (cap-reached BLOCKED) green
ok: TEST-008.13: domain leg observed end state BLOCKED matches the loop-inventory terminal
=== TEST-008 brownfield-profile leg: canonical seed drives spec-review round 1 (AC-007, AC-010) ===
ok: TEST-008.15 (AC-007): loop_fixture_init brownfield succeeds with LOOP_FIXTURE_SEED pointed at the canonical seed
ok: TEST-008.16 (AC-007): the canonical seed content is present verbatim under $LoopFixtureRoot
SKIP: TEST-008 brownfield-profile leg (round drive): spec-review-precheck.ps1 not found at /Users/jrmag/Projects/active/sdd-forge/plugins/sdd-review-loop/scripts/spec-review-precheck.ps1 (same gap as the greenfield spec leg above)
=== TEST-009: impl-review round-2 leg green at HEAD (RED differential regression lock) ===
SKIP: TEST-009.1: spec-review-precheck.ps1 absent upstream blocks driving this lane (see TEST-008 SKIP note); the one-time RED/GREEN differential evidence is recorded bash-only
ok: TEST-009.2: the one-time RED differential evidence against 2d8c6a5^ is recorded at specs/epic-159-pillar-a/verification/T-003/red-differential.log
=== TEST-010: bidirectional invariant (downstream-required inputs are upstream-authorized) ===
ok: TEST-010.0: loop_fixture_init (bidirectional-invariant fixture) succeeds
REVIEW_CONTEXT_OK a0038fbb175ff18c91427a0f7219fabdc718c0a0f383f15c104d27e18555f667
ok: TEST-010.1: spec-review reviewer-a manifest satisfies the bidirectional invariant
REVIEW_CONTEXT_OK f082a2071e831b4de22e1383300ff8098ff12f801870452fef135d48d0ad4315
ok: TEST-010.2: impl-review round-2 reviewer-a manifest (carrying round-1's integrated-summary.json) satisfies the bidirectional invariant
REVIEW_CONTEXT_OK 280ad17306893172552354c37dedd5a8f79b22990baf1c2c64bb0e84f0c2d700
ok: TEST-010.3: task-review reviewer-a manifest satisfies the bidirectional invariant
REVIEW_CONTEXT_OK f3a662b1ebfaaa9d96d8eeb21cab36bfdc06c59becb214dd3a9cd64725f2dfb3
ok: TEST-010.4: domain-review reviewer-a manifest satisfies the bidirectional invariant
REVIEW_CONTEXT_PATH: domain-reviewer-a contains a real but role-unlisted path: specs/loop-consistency-inv-35501/requirements.md
ok: TEST-010.5 (negative self-check): a synthetic required-but-unauthorized manifest entry (specs/.../requirements.md for a domain reviewer) turns Test-LoopBidirectionalInvariant red
=== TEST-017: runtime budget (LOOP_SUITE_BUDGET_SECONDS=300) ===
ok: TEST-017.1 (negative self-check): forcing the runtime budget to 0 turns the assertion red
ok: TEST-017.2: suite completed within the 300s runtime budget

loop-consistency.tests.ps1: 14 passed, 0 failed, 4s elapsed

SKIP count: 3
