=== TEST-005: loop_fixture_init (greenfield + brownfield) ===
ok: TEST-005.1: loop_fixture_init greenfield succeeds
ok: TEST-005.2: greenfield fixture root (/var/folders/7z/hjmz6jdj4wb40srf64sl368w0000gn/T/loop-fixture.5df195a1b2eb4a21a9b7f163fd9a7ca2) lies outside the repository working tree
ok: TEST-005.3: greenfield genesis identity-ledger has exactly one well-formed record
ok: TEST-005.4: genesis record hash matches the canonical INV-006 formula (validate-review-context-set.ps1)
ok: TEST-005.5: loop_fixture_init writes no real repository path for the fixture feature
ok: TEST-005.6: loop_fixture_init brownfield succeeds
ok: TEST-005.7: brownfield fixture copies the caller-supplied seed content
ok: TEST-005.8: brownfield fixture also synthesizes the genesis identity-ledger
ok: TEST-005.9 (negative self-check): an unknown fixture profile fails loop_fixture_init
=== TEST-006: drive_review_round (spec-review rounds 1->3) ===
SKIP: TEST-006 spec-review-precheck.ps1 does not exist upstream at T-002 time (only the .sh form exists; verified finding, see this task's implementation report). This is a recorded degradation, not a loop-driver defect: Initialize-LoopFixture, Test-ArtifactsSchema, Test-LoopTerminal, and Test-RuntimeBudget are still exercised below (TEST-005/007/017).
=== TEST-007: assert_artifacts_schema / assert_terminal ===
ok: TEST-007.1: assert_artifacts_schema passes on genuine, inventory-registered artifact schemas
ok: TEST-007.2 (negative self-check): a jq-mutated artifact schema turns assert_artifacts_schema red
ok: TEST-007.3: assert_terminal confirms spec-review's genuine PASS state matches the inventory
ok: TEST-007.4 (negative self-check): an end state contradicting the inventory (BLOCKED vs PASS) turns assert_terminal red
=== TEST-017: runtime budget (LOOP_SUITE_BUDGET_SECONDS=300) ===
ok: TEST-017.1 (negative self-check): forcing the runtime budget to 0 turns the assertion red
ok: TEST-017.2: suite completed within the 300s runtime budget

loop-driver.tests.ps1: 15 passed, 0 failed, 1s elapsed
exit:0
