=== TEST-005: loop_fixture_init (greenfield + brownfield) ===
ok: TEST-005.1: loop_fixture_init greenfield succeeds
ok: TEST-005.2: greenfield fixture root (/private/var/folders/7z/hjmz6jdj4wb40srf64sl368w0000gn/T/loop-fixture.JU9F3h) lies outside the repository working tree
ok: TEST-005.3: greenfield genesis identity-ledger has exactly one well-formed record
ok: TEST-005.4: genesis record hash matches the canonical INV-006 formula (validate-review-context-set.sh:245)
ok: TEST-005.5: loop_fixture_init writes no real repository path for the fixture feature
ok: TEST-005.6: loop_fixture_init brownfield succeeds
ok: TEST-005.7: brownfield fixture copies the caller-supplied seed content
ok: TEST-005.8: brownfield fixture also synthesizes the genesis identity-ledger
ok: TEST-005.9 (negative self-check): an unknown fixture profile fails loop_fixture_init
=== TEST-006: drive_review_round (spec-review rounds 1->3) ===
ok: TEST-006.1: drive_review_round spec attempt 1 round 1 (NEEDS_WORK/Major) succeeds
ok: TEST-006.2: round-1 contract records verdict NEEDS_WORK
ok: TEST-006.3: drive_review_round spec attempt 1 round 2 (NEEDS_WORK/Major) succeeds
ok: TEST-006.4: drive_review_round spec attempt 1 round 3 (PASS/Minor) succeeds
ok: TEST-006.5: round-3 contract records verdict PASS with warningCount 1 (Minor-only)
ok: TEST-006.6: assert_prior_round_complete recognizes round-1's genuine on-disk output set
ok: TEST-006.7 (negative self-check): a manifest referencing a nonexistent artifact (missing spec-review-contract.json) turns assert_prior_round_complete red
=== TEST-007: assert_artifacts_schema / assert_terminal ===
ok: TEST-007.1: assert_artifacts_schema passes on genuine, inventory-registered artifact schemas
ok: TEST-007.2 (negative self-check): a jq-mutated artifact schema turns assert_artifacts_schema red
ok: TEST-007.3: assert_terminal confirms spec-review's genuine PASS state matches the inventory
ok: TEST-007.4 (negative self-check): an end state contradicting the inventory (BLOCKED vs PASS) turns assert_terminal red
=== TEST-017: runtime budget (LOOP_SUITE_BUDGET_SECONDS=300) ===
ok: TEST-017.1 (negative self-check): forcing the runtime budget to 0 turns the assertion red
ok: TEST-017.2: suite completed within the 300s runtime budget

loop-driver.tests.sh: 22 passed, 0 failed, 1s elapsed
exit:0
