# second-approval-mask suite (CWS_SH=/Users/jrmag/Projects/active/sdd-forge/plugins/sdd-quality-loop/scripts/check-workflow-state.sh)
--- sanity: base provenance fixture ---
ok: SANITY unmutated frozen validates [sh] (0|)
ok: SANITY unmutated frozen validates [ps1] (0|)
ok: SANITY unmutated frozen validates [parity sh==ps1] (0|)
--- TEST-001 (AC-001): post-freeze Second Approval normalizes to ok ---
not ok: TEST-001 base add [sh] — got [1|stage-provenance] want [0|]
not ok: TEST-001 base add [ps1] — got [1|stage-provenance] want [0|]
ok: TEST-001 base add [parity sh==ps1] (1|stage-provenance)
ok: TEST-001 base add: sh/ps1 normal forms byte-identical
not ok: TEST-001 value edit [sh] — got [1|stage-provenance] want [0|]
not ok: TEST-001 value edit [ps1] — got [1|stage-provenance] want [0|]
ok: TEST-001 value edit [parity sh==ps1] (1|stage-provenance)
not ok: TEST-001 multi-occurrence [sh] — got [1|stage-provenance] want [0|]
not ok: TEST-001 multi-occurrence [ps1] — got [1|stage-provenance] want [0|]
ok: TEST-001 multi-occurrence [parity sh==ps1] (1|stage-provenance)
ok: TEST-001 multi-occurrence: sh/ps1 normal forms byte-identical
--- TEST-002 (AC-002): negative controls stay fail-closed (RED and GREEN) ---
ok: TEST-002a arbitrary line [sh] (1|stage-provenance)
ok: TEST-002a arbitrary line [ps1] (1|stage-provenance)
ok: TEST-002a arbitrary line [parity sh==ps1] (1|stage-provenance)
ok: TEST-002b checkbox flip [sh] (1|stage-provenance)
ok: TEST-002b checkbox flip [ps1] (1|stage-provenance)
ok: TEST-002b checkbox flip [parity sh==ps1] (1|stage-provenance)
ok: TEST-002c indented mention (column-0 anchor) [sh] (1|stage-provenance)
ok: TEST-002c indented mention (column-0 anchor) [ps1] (1|stage-provenance)
ok: TEST-002c indented mention (column-0 anchor) [parity sh==ps1] (1|stage-provenance)
--- TEST-003 (AC-003): CRLF parity + byte-identical normal forms ---
not ok: TEST-003 CRLF base add [sh] — got [1|stage-provenance] want [0|]
not ok: TEST-003 CRLF base add [ps1] — got [1|stage-provenance] want [0|]
ok: TEST-003 CRLF base add [parity sh==ps1] (1|stage-provenance)
ok: TEST-003 CRLF base add: sh/ps1 normal forms byte-identical
ok: TEST-003 CRLF tamper [sh] (1|stage-provenance)
ok: TEST-003 CRLF tamper [ps1] (1|stage-provenance)
ok: TEST-003 CRLF tamper [parity sh==ps1] (1|stage-provenance)
not ok: TEST-003 CRLF final-line-no-newline [sh] — got [1|stage-provenance] want [0|]
not ok: TEST-003 CRLF final-line-no-newline [ps1] — got [1|stage-provenance] want [0|]
ok: TEST-003 CRLF final-line-no-newline [parity sh==ps1] (1|stage-provenance)
ok: TEST-003 CRLF final-line-no-newline: sh/ps1 normal forms byte-identical
not ok: TEST-003 LF final-line-no-newline [sh] — got [1|stage-provenance] want [0|]
not ok: TEST-003 LF final-line-no-newline [ps1] — got [1|stage-provenance] want [0|]
ok: TEST-003 LF final-line-no-newline [parity sh==ps1] (1|stage-provenance)
ok: TEST-003 LF final-line-no-newline: sh/ps1 normal forms byte-identical
--- TEST-004 (AC-004): suite registered in tests/run-all.sh ---
ok: TEST-004 registered in tests/run-all.sh
---- summary: pass=27 fail=12 skip=0 ----
not ok: second-approval-mask suite FAILED (12 failures)
