+ bash plugins/sdd-quality-loop/scripts/check-contract.sh specs/epic-159-pillar-d/verification/T-003.contract.json .
== start: 2026-07-19T09:38:53Z ==
DENIED by this repository's own PreToolUse guard (R-10 protected enforcement chain), not run:
SDD決定論ゲート: エージェントはゲートスクリプト・フック設定・テストファイルを書き換えられません。これらのファイルは強制チェーンの一部です。sudo でもバイパスできません。
[EN] SDD deterministic gate: agents must not modify gate scripts, hook configuration, or critical test files. These are part of the enforcement chain and cannot be bypassed by sudo.
== end: 2026-07-19T09:38:53Z ==
NOTE: plugins/sdd-quality-loop/scripts/check-contract.sh (and its .py/.ps1 twins) is listed in
plugins/sdd-quality-loop/scripts/generated/guard_invariants.py's PROTECTED_GATE_SUFFIXES. The
sdd-hook-guard PreToolUse hook denies every Bash invocation that references this path -- as an
executable target (`bash check-contract.sh ...`) or even as a `cp`/`cat` source -- regardless of
read/write intent. This is by design: the contract-authoring agent must not be able to self-invoke
the deterministic PASS/FAIL gate on its own contract. The actual check-contract.sh run must be
performed by the host or a dedicated quality-gate agent (this session's pillar-c equivalent is
c-qg-t001..t006; no d-qg-* agent has been spawned for pillar-d yet).

MANUAL STRUCTURAL SELF-AUDIT (not a substitute for the real gate; recorded so the host/qg agent
can fast-verify). Traced by hand against plugins/sdd-quality-loop/scripts/check-contract.py's six
passes, read via the Read tool (not executed):

Pass 1 (duplicate ids): 14 check ids, all unique (lint, typecheck, unit-tests, integration-tests,
  acceptance-tests, regression, build, placeholder-scan, task-state-check,
  requirement-traceability, smoke-run, differential-baseline, ui-verification, design-system). No
  duplicates.
Pass 2 (per-check rules): every "required" and "passes" field is a JSON boolean literal (verified
  by `python3 -c "import json; json.load(open(...))"`, which succeeded). Every required:false +
  passes:false check (lint, typecheck, integration-tests, build, smoke-run, differential-baseline,
  ui-verification, design-system) carries a non-empty waiver_reason. No check has required:true +
  passes:false. Every passes:true check (unit-tests, acceptance-tests, regression,
  placeholder-scan, task-state-check, requirement-traceability) cites a non-empty, relative,
  existing, non-empty evidence file under specs/epic-159-pillar-d/verification/qg/T-003/ --
  confirmed present via `ls -la` and `wc -c` before this contract was authored.
Pass 3 (baseline-set protection): lint, typecheck, unit-tests, build, placeholder-scan,
  task-state-check are all present. lint/typecheck/build are required:false with non-empty
  waiver_reason.
Pass 4 (risk-tier): risk=high, stack=shell. High tier's required-id set (lint, typecheck, build,
  placeholder-scan, task-state-check, unit-tests, acceptance-tests, regression,
  requirement-traceability) is fully present; lint/typecheck/build are required:false, which is
  allowed because stack=shell is a NONCODE_STACK (compile checks waivable); the remaining six are
  required:true.
Pass 5 (tdd red/green evidence): required_workflow=tdd. unit-tests and acceptance-tests are both
  required:true and both carry non-empty red_evidence (specs/epic-159-pillar-d/verification/
  T-003/red-sh.log, 2208 bytes) and green_evidence (specs/epic-159-pillar-d/verification/T-003/
  green-sh.log, 3912 bytes) -- both confirmed present and non-empty, relative, no traversal.
Pass 5b (risk/workflow consistency): risk=high requires required_workflow=tdd -- satisfied
  (matches tasks.md's own "Required Workflow: tdd" line for T-003).
Pass 6 (cross_model): no "cross_model" key present -- pass is a no-op (equivalent to "legacy").

DISCLOSED, NOT HIDDEN: the unit-tests/acceptance-tests evidence (specs/epic-159-pillar-d/
verification/qg/T-003/focused-tests.log) and the red/green pair both record a real suite total of
pass=39/fail=1 (bash) and 28 passed/1 failed (pwsh) for tests/model-freshness-check.tests.sh/.ps1.
check-contract.py validates only JSON structure, boolean fields, and evidence-file
existence/non-emptiness -- it does not parse log content for pass/fail counts. This contract marks
unit-tests/acceptance-tests passing on the basis that tasks.md's own Commit-A Definition of Done
for T-003 explicitly excepts this one assertion (TEST-009's AC-011 live-file half) as a
designed-red condition pending a human-applied human-copy commit -- see this contract's top-level
"comment" field for the full citation chain (acceptance-tests.md AC-009/AC-011, tasks.md Commit A
Scope). This is a judgment call this contract-authoring pass is making explicitly and on the
record, not a fact check-contract.sh itself performs or endorses.

Expected result if the host/qg agent runs the real gate: "Verification contract passed for task
T-003." -- but this line was NOT produced by an actual invocation and must not be read as one.
