=== TEST-011: quality-gate cycle-limit / select-agent-model escalation / terminal-tier / resume ===
ok: TEST-011.1: 0 gate reports (absent reports/quality-gate/ dir) -> continue
ok: TEST-011.2: 1 gate report -> continue
ok: TEST-011.3: 2 gate reports -> continue
ok: TEST-011.4: 3 gate reports -> Escalate-Human/exit1
ok: TEST-011.5: select-agent-model.sh escalates lightweight->standard on a repeated failure class
ok: TEST-011.6: select-agent-model.sh escalates standard->strong on a repeated failure class
ok: TEST-011.7: select-agent-model.sh reports BLOCKED terminal-tier-recurrence on a strong-tier repeat (next_tier null)
ok: TEST-011.8: terminal-tier-recurrence blocked-state artifact validates against contracts/terminal-tier-blocked-state.schema.json
ok: TEST-011.9: assert_terminal confirms terminal-tier's BLOCKED end state matches the loop-inventory terminal
ok: TEST-011.10: check-terminal-tier-resume.sh denies resume when tasks.md carries no human-approval record
ok: TEST-011.11: check-terminal-tier-resume.sh permits resume once tasks.md carries a matching human-approval record
=== TEST-018: task-ID prefix collision (T-001 vs T-0010) + substring-grep mutation ===
ok: TEST-018.1: 3 gate reports referencing T-0010 leave the T-001 count at 0 (word-boundary match)
ok: TEST-018.2: temp copy mutation removed the word-boundary flag from grep
ok: TEST-018.3 (negative self-check): the substring-grep mutation turns the T-0010-vs-T-001 fixture red (wrongly escalates)
=== TEST-012: implementation-report.template.md rendered into a loop-driver fixture, driven through the REAL quality:sdd-evaluator identity checks ===
ok: TEST-012.1: loop_fixture_init (parity-extension fixture) succeeds
ok: TEST-012.2: rendered implementation report carries the real T-NNN heading and Task ID field
ok: TEST-012.3: the REAL validate-review-context-set.sh accepts the rendered implementation report and its declared ## Outputs row (quality:sdd-evaluator identity checks pass)
ok: TEST-012.4 (negative self-check): deleting the '- Task ID:' line turns the quality:sdd-evaluator identity check red
ok: TEST-012.5 (negative self-check, INV-014): a | path | sha256 | row outside the ## Outputs section boundary is NOT authorized as a declared output
=== TEST-013: python3-absent degradation (restricted PATH) ===
ok: TEST-013.0: python3 is present under this suite's normal PATH (the restricted-PATH legs below are a deliberate simulation, not an accidental gap)
SKIP: TEST-013.1: check-terminal-tier-resume.sh reports deterministic-runtime-unavailable under a restricted PATH lacking python3 (INV-017); recorded degradation, rc=1
SKIP: TEST-013.2: select-agent-model.sh reports deterministic-runtime-unavailable under a restricted PATH lacking python3 (INV-017); recorded degradation
=== TEST-017: runtime budget (LOOP_SUITE_BUDGET_SECONDS=300) ===
ok: TEST-017.1 (negative self-check): forcing the runtime budget to 0 turns the assertion red
ok: TEST-017.2: suite completed within the 300s runtime budget

loop-escalation.tests.sh: 22 passed, 0 failed, 0s elapsed
