+ bash plugins/sdd-quality-loop/scripts/check-contract.sh specs/epic-159-pillar-d/verification/T-001.contract.json .
== start: 2026-07-19T09:38:53Z ==
DENIED by this repository's own PreToolUse guard (R-10 protected enforcement chain), not run:
SDD決定論ゲート: エージェントはゲートスクリプト・フック設定・テストファイルを書き換えられません。これらのファイルは強制チェーンの一部です。sudo でもバイパスできません。
[EN] SDD deterministic gate: agents must not modify gate scripts, hook configuration, or critical test files. These are part of the enforcement chain and cannot be bypassed by sudo.
== end: 2026-07-19T09:38:53Z ==
NOTE: plugins/sdd-quality-loop/scripts/check-contract.sh (and its .py/.ps1 twins) is listed in
plugins/sdd-quality-loop/scripts/generated/guard_invariants.py's PROTECTED_GATE_SUFFIXES. The
sdd-hook-guard PreToolUse hook denies every Bash invocation that references this path -- as an
executable target (`bash check-contract.sh ...`) or even as a `cp`/`cat` source -- regardless of
read/write intent. This is by design: the contract-authoring agent must not be able to self-invoke
the deterministic PASS/FAIL gate on its own contract. The actual check-contract.sh run must be
performed by the host or a dedicated quality-gate agent (this session's pillar-c equivalent is
c-qg-t001..t006; no d-qg-* agent has been spawned for pillar-d yet).

MANUAL STRUCTURAL SELF-AUDIT (not a substitute for the real gate; recorded so the host/qg agent
can fast-verify). Traced by hand against plugins/sdd-quality-loop/scripts/check-contract.py's six
passes, read via the Read tool (not executed):

Pass 1 (duplicate ids): 13 check ids, all unique (lint, typecheck, unit-tests, integration-tests,
  acceptance-tests, regression, build, placeholder-scan, task-state-check, smoke-run,
  differential-baseline, ui-verification, design-system). No duplicates.
Pass 2 (per-check rules): every "required" and "passes" field is a JSON boolean literal (verified
  by `python3 -c "import json; json.load(open(...))"`, which succeeded). Every required:false +
  passes:false check (lint, typecheck, integration-tests, build, smoke-run, differential-baseline,
  ui-verification, design-system) carries a non-empty waiver_reason. No check has required:true +
  passes:false. Every passes:true check (unit-tests, acceptance-tests, regression,
  placeholder-scan, task-state-check) cites a non-empty, relative, existing, non-empty evidence
  file under specs/epic-159-pillar-d/verification/qg/T-001/ -- confirmed present via `ls -la` and
  `wc -c` before this contract was authored.
Pass 3 (baseline-set protection): lint, typecheck, unit-tests, build, placeholder-scan,
  task-state-check are all present. lint/typecheck/build are required:false with non-empty
  waiver_reason.
Pass 4 (risk-tier): risk=low, stack=docs. Low tier's required-id set (lint, typecheck, build,
  placeholder-scan, task-state-check) is fully present; lint/typecheck/build are required:false,
  which is allowed because stack=docs is a NONCODE_STACK (compile checks waivable);
  placeholder-scan/task-state-check are required:true.
Pass 5 (tdd red/green evidence): required_workflow=test-after (not tdd) -- pass does not apply.
Pass 5b (risk/workflow consistency): risk=low is not in {high, critical} -- no constraint.
Pass 6 (cross_model): no "cross_model" key present -- pass is a no-op (equivalent to "legacy").

Expected result if the host/qg agent runs the real gate: "Verification contract passed for task
T-001." -- but this line was NOT produced by an actual invocation and must not be read as one.
