=== TDD GREEN: facet-manifest-schema.tests.sh against the correct schema + validator ===
$ bash tests/facet-manifest-schema.tests.sh
ok: TEST-001: $schema is draft-07
ok: TEST-001: $id present (https://github.com/aharada54914/sdd-forge/contracts/facet-manifest.schema.json)
ok: TEST-002 positive baseline: valid-base.json valid (exit 0, no diagnostics)
ok: TEST-002: required-missing-schema.json invalid as expected (contains 'missing required property')
ok: TEST-002: required-missing-feature.json invalid as expected (contains 'missing required property')
ok: TEST-002: required-missing-affected-components.json invalid as expected (contains 'missing required property')
ok: TEST-002: required-missing-required-facets.json invalid as expected (contains 'missing required property')
ok: TEST-002: required-missing-conditional-facets.json invalid as expected (contains 'missing required property')
ok: TEST-002: required-missing-resolved-gates.json invalid as expected (contains 'missing required property')
ok: TEST-002: required-missing-capabilities.json invalid as expected (contains 'missing required property')
ok: TEST-002: required-missing-lite-eligibility.json invalid as expected (contains 'missing required property')
ok: TEST-002: required-missing-context-binding.json invalid as expected (contains 'missing required property')
ok: TEST-002: required-missing-resolver.json invalid as expected (contains 'missing required property')
ok: TEST-003: empty-arrays-valid.json valid (exit 0, no diagnostics)
ok: TEST-003: duplicate-affected-components.json invalid as expected (contains 'uniqueItems violated')
ok: TEST-003: duplicate-required-facets.json invalid as expected (contains 'uniqueItems violated')
ok: TEST-003: duplicate-capabilities.json invalid as expected (contains 'uniqueItems violated')
ok: TEST-004: conditional-facet-applied-false-missing-reason.json invalid as expected (contains 'missing required property 'reason'')
ok: TEST-004: conditional-facet-applied-true-with-reason.json invalid as expected (contains 'matched a schema under 'not'')
ok: TEST-004: conditional-facet-applied-true-valid.json valid (exit 0, no diagnostics)
ok: TEST-005: evidence-invalid-operator.json invalid as expected (contains 'expected one of')
ok: TEST-005: evidence-warn-missing-reason.json invalid as expected (contains 'missing required property 'reason'')
ok: TEST-005: evidence-warn-with-reason-valid.json valid (exit 0, no diagnostics)
ok: TEST-006: resolved-gate-invalid-stage.json invalid as expected (contains 'expected one of')
ok: TEST-006: resolved-gate-valid-multi.json valid (exit 0, no diagnostics)
ok: TEST-007: capability-minimum-enforcement-invalid-value.json invalid as expected (contains 'expected const 'required'')
ok: TEST-007: capability-minimum-enforcement-absent-valid.json valid (exit 0, no diagnostics)
ok: TEST-007: capability-minimum-enforcement-aggregate-valid.json valid (exit 0, no diagnostics)
ok: TEST-008: lite-eligibility-missing-upgrade-reasons.json invalid as expected (contains 'missing required property 'upgrade_reasons'')
ok: TEST-008: lite-eligibility-empty-upgrade-reasons-valid.json valid (exit 0, no diagnostics)
ok: TEST-009: context-binding-malformed-digest.json invalid as expected (contains 'does not match pattern')
ok: TEST-009: context-binding-empty-dependency-pointers.json invalid as expected (contains '< minItems 1')
ok: TEST-010: resolver-malformed-semver.json invalid as expected (contains 'does not match pattern')
ok: TEST-010: resolver-valid-semver.json valid (exit 0, no diagnostics)
ok: TEST-011: decision-doc-v2-section16-worked-example.json valid (exit 0, no diagnostics)
ok: TEST-017: dependency-pointer-root-not-allowlisted.json invalid as expected (contains 'does not match pattern')
ok: TEST-018: dependency-pointer-malformed-rfc6901.json invalid as expected (contains 'does not match pattern')
ok: TEST-017/018: dependency-pointer-all-roots-valid.json valid (exit 0, no diagnostics)
ok: TEST-041: covered by evidence-warn-{missing-reason,with-reason-valid} above
ok: TEST-048: upgrade-reasons-duplicate.json invalid as expected (contains 'uniqueItems violated')
ok: TEST-034: facet-manifest.yaml/capability-summary.yaml alongside specs/<feature>/ files does not break check-sdd-structure.sh
ok: self-registration: tests/run-all.sh lists this suite

facet-manifest-schema: 42 passed, 0 failed

=== TDD GREEN: facet-manifest-semantics.tests.sh against the correct schema + validator ===
$ bash tests/facet-manifest-semantics.tests.sh
ok: TEST-028: resolved-gate-id-duplicate.json invalid as expected (contains 'facet-manifest: resolved-gate-id-duplicate:')
ok: TEST-028: facet-classification-conflict.json invalid as expected (contains 'facet-manifest: facet-classification-conflict:')
ok: TEST-028: conditional-facet-duplicate.json invalid as expected (contains 'facet-manifest: conditional-facet-duplicate:')
ok: TEST-028: affected-components-not-sorted.json invalid as expected (contains 'facet-manifest: array-not-stable-sorted:')
ok: TEST-028 negative proof: fully-clean.json valid (exit 0, no diagnostics)
ok: AC-047: conditional-facet-duplicate.json invalid as expected (contains 'duplicate conditional_facets facet')
ok: array-not-stable-sorted: required-facets-not-sorted.json invalid as expected (contains 'facet-manifest: array-not-stable-sorted: /required_facets:')
ok: array-not-stable-sorted: capabilities-not-sorted.json invalid as expected (contains 'facet-manifest: array-not-stable-sorted: /capabilities:')
ok: array-not-stable-sorted / AC-048 semantic half: upgrade-reasons-not-sorted.json invalid as expected (contains 'facet-manifest: array-not-stable-sorted: /lite_eligibility/upgrade_reasons:')
ok: array-not-stable-sorted: conditional-facets-not-sorted.json invalid as expected (contains 'facet-manifest: array-not-stable-sorted: /conditional_facets:')
ok: array-not-stable-sorted: resolved-gates-not-sorted.json invalid as expected (contains 'facet-manifest: array-not-stable-sorted: /resolved_gates:')
ok: determinism: single-diagnostic fixture emits exactly one line
ok: self-registration: tests/run-all.sh lists this suite

facet-manifest-semantics: 13 passed, 0 failed

=== TDD GREEN: PowerShell twins (pwsh PowerShell 7.6.2) ===
$ pwsh -NoProfile -File tests/facet-manifest-schema.tests.ps1
ok: TEST-001: $schema is draft-07
ok: TEST-001: $id present (https://github.com/aharada54914/sdd-forge/contracts/facet-manifest.schema.json)
ok: TEST-002 positive baseline: valid-base.json valid (exit 0, no diagnostics)
ok: TEST-002: required-missing-schema.json invalid as expected (contains 'missing required property')
ok: TEST-002: required-missing-feature.json invalid as expected (contains 'missing required property')
ok: TEST-002: required-missing-affected-components.json invalid as expected (contains 'missing required property')
ok: TEST-002: required-missing-required-facets.json invalid as expected (contains 'missing required property')
ok: TEST-002: required-missing-conditional-facets.json invalid as expected (contains 'missing required property')
ok: TEST-002: required-missing-resolved-gates.json invalid as expected (contains 'missing required property')
ok: TEST-002: required-missing-capabilities.json invalid as expected (contains 'missing required property')
ok: TEST-002: required-missing-lite-eligibility.json invalid as expected (contains 'missing required property')
ok: TEST-002: required-missing-context-binding.json invalid as expected (contains 'missing required property')
ok: TEST-002: required-missing-resolver.json invalid as expected (contains 'missing required property')
ok: TEST-003: empty-arrays-valid.json valid (exit 0, no diagnostics)
ok: TEST-003: duplicate-affected-components.json invalid as expected (contains 'uniqueItems violated')
ok: TEST-003: duplicate-required-facets.json invalid as expected (contains 'uniqueItems violated')
ok: TEST-003: duplicate-capabilities.json invalid as expected (contains 'uniqueItems violated')
ok: TEST-004: conditional-facet-applied-false-missing-reason.json invalid as expected (contains 'missing required property 'reason'')
ok: TEST-004: conditional-facet-applied-true-with-reason.json invalid as expected (contains 'matched a schema under 'not'')
ok: TEST-004: conditional-facet-applied-true-valid.json valid (exit 0, no diagnostics)
ok: TEST-005: evidence-invalid-operator.json invalid as expected (contains 'expected one of')
ok: TEST-005: evidence-warn-missing-reason.json invalid as expected (contains 'missing required property 'reason'')
ok: TEST-005: evidence-warn-with-reason-valid.json valid (exit 0, no diagnostics)
ok: TEST-006: resolved-gate-invalid-stage.json invalid as expected (contains 'expected one of')
ok: TEST-006: resolved-gate-valid-multi.json valid (exit 0, no diagnostics)
ok: TEST-007: capability-minimum-enforcement-invalid-value.json invalid as expected (contains 'expected const 'required'')
ok: TEST-007: capability-minimum-enforcement-absent-valid.json valid (exit 0, no diagnostics)
ok: TEST-007: capability-minimum-enforcement-aggregate-valid.json valid (exit 0, no diagnostics)
ok: TEST-008: lite-eligibility-missing-upgrade-reasons.json invalid as expected (contains 'missing required property 'upgrade_reasons'')
ok: TEST-008: lite-eligibility-empty-upgrade-reasons-valid.json valid (exit 0, no diagnostics)
ok: TEST-009: context-binding-malformed-digest.json invalid as expected (contains 'does not match pattern')
ok: TEST-009: context-binding-empty-dependency-pointers.json invalid as expected (contains '< minItems 1')
ok: TEST-010: resolver-malformed-semver.json invalid as expected (contains 'does not match pattern')
ok: TEST-010: resolver-valid-semver.json valid (exit 0, no diagnostics)
ok: TEST-011: decision-doc-v2-section16-worked-example.json valid (exit 0, no diagnostics)
ok: TEST-017: dependency-pointer-root-not-allowlisted.json invalid as expected (contains 'does not match pattern')
ok: TEST-018: dependency-pointer-malformed-rfc6901.json invalid as expected (contains 'does not match pattern')
ok: TEST-017/018: dependency-pointer-all-roots-valid.json valid (exit 0, no diagnostics)
ok: TEST-041: covered by evidence-warn-{missing-reason,with-reason-valid} above
ok: TEST-048: upgrade-reasons-duplicate.json invalid as expected (contains 'uniqueItems violated')
ok: TEST-034: facet-manifest.yaml/capability-summary.yaml alongside specs/<feature>/ files does not break check-sdd-structure.sh
ok: self-registration: tests/run-all.ps1 lists this suite

facet-manifest-schema: 42 passed, 0 failed

$ pwsh -NoProfile -File tests/facet-manifest-semantics.tests.ps1
ok: TEST-028: resolved-gate-id-duplicate.json invalid as expected (contains 'facet-manifest: resolved-gate-id-duplicate:')
ok: TEST-028: facet-classification-conflict.json invalid as expected (contains 'facet-manifest: facet-classification-conflict:')
ok: TEST-028: conditional-facet-duplicate.json invalid as expected (contains 'facet-manifest: conditional-facet-duplicate:')
ok: TEST-028: affected-components-not-sorted.json invalid as expected (contains 'facet-manifest: array-not-stable-sorted:')
ok: TEST-028 negative proof: fully-clean.json valid (exit 0, no diagnostics)
ok: AC-047: conditional-facet-duplicate.json invalid as expected (contains 'duplicate conditional_facets facet')
ok: array-not-stable-sorted: required-facets-not-sorted.json invalid as expected (contains 'facet-manifest: array-not-stable-sorted: /required_facets:')
ok: array-not-stable-sorted: capabilities-not-sorted.json invalid as expected (contains 'facet-manifest: array-not-stable-sorted: /capabilities:')
ok: array-not-stable-sorted / AC-048 semantic half: upgrade-reasons-not-sorted.json invalid as expected (contains 'facet-manifest: array-not-stable-sorted: /lite_eligibility/upgrade_reasons:')
ok: array-not-stable-sorted: conditional-facets-not-sorted.json invalid as expected (contains 'facet-manifest: array-not-stable-sorted: /conditional_facets:')
ok: array-not-stable-sorted: resolved-gates-not-sorted.json invalid as expected (contains 'facet-manifest: array-not-stable-sorted: /resolved_gates:')
ok: determinism: single-diagnostic fixture emits exactly one line
ok: self-registration: tests/run-all.ps1 lists this suite

facet-manifest-semantics: 13 passed, 0 failed
